<?xml version="1.0" encoding="UTF-8"?>
<!-- Generated by org.testng.reporters.JUnitReportReporter -->
<testsuite hostname="DESKTOP-LTPBCCQ" name="jenkins.Test1" tests="1" failures="0" timestamp="15 Jun 2022 06:48:50 GMT" time="0.000" errors="0">
  <testcase name="second" time="0.000" classname="jenkins.Test1"/>
</testsuite> <!-- jenkins.Test1 -->
