<?xml version="1.0" encoding="UTF-8"?>
<!-- Generated by org.testng.reporters.JUnitReportReporter -->
<testsuite hostname="DESKTOP-LTPBCCQ" name="jenkins.Test3" tests="1" failures="0" timestamp="15 Jun 2022 06:48:50 GMT" time="0.032" errors="0">
  <testcase name="four" time="0.032" classname="jenkins.Test3"/>
</testsuite> <!-- jenkins.Test3 -->
